<?xml version="1.0" encoding="UTF-8"?>
<TestRun id="fc743434-8cfa-4b61-8ab6-b709fbb2a036" name="Admin@ITFRIEND 2011-05-14 09:17:27" runUser="ITFRIEND\Admin" xmlns="http://microsoft.com/schemas/VisualStudio/TeamTest/2006">
  <TestRunConfiguration name="Local Test Run" id="145f357c-e59c-40a1-b30a-a52e614f9885">
    <Description>This is a default test run configuration for a local test run.</Description>
    <Deployment runDeploymentRoot="D:\Learning\CNTT\SoftwareConstruction\SVN_New\Code\TUVANLAPTOP\TestResults\Admin_ITFRIEND 2011-05-14 09_17_27">
      <DeploymentItem filename="D:\Learning\CNTT\SoftwareConstruction\SVN_New\Code\TUVANLAPTOP\EStoreDAO\bin\Release\EStoreDAO.dll" />
      <DeploymentItem filename="D:\Learning\CNTT\SoftwareConstruction\SVN_New\Code\TUVANLAPTOP\EStoreBUS\bin\Release\EStoreBUS.dll" />
      <DeploymentItem filename="D:\Learning\CNTT\SoftwareConstruction\SVN_New\Code\TUVANLAPTOP\EStoreDTO\bin\Release\EStoreDTO.dll" />
    </Deployment>
    <TestTypeSpecific />
  </TestRunConfiguration>
  <ResultSummary outcome="Completed">
    <Counters total="1" executed="1" passed="1" error="0" failed="0" timeout="0" aborted="0" inconclusive="0" passedButRunAborted="0" notRunnable="0" notExecuted="0" disconnected="0" warning="0" completed="0" inProgress="0" pending="0" />
  </ResultSummary>
  <Times creation="2011-05-14T09:17:27.3906250+07:00" queuing="2011-05-14T09:17:27.7031250+07:00" start="2011-05-14T09:17:27.7343750+07:00" finish="2011-05-14T09:17:28.6875000+07:00" />
  <TestDefinitions>
    <UnitTest name="KiemTraSanPhamTonTaiTest" storage="d:\learning\cntt\softwareconstruction\svn_new\code\tuvanlaptop\testestoreproject\bin\release\testestoreproject.dll" id="3543e553-ce6d-3ccf-1d8a-6843a2fe04dc">
      <Css projectStructure="" iteration="" />
      <Owners>
        <Owner name="" />
      </Owners>
      <Execution id="434688a7-8b71-43a8-9826-450fdb4150b1" />
      <TestMethod codeBase="D:\Learning\CNTT\SoftwareConstruction\SVN_New\Code\TUVANLAPTOP\TestEStoreProject\bin\Release\TestEStoreProject.dll" adapterTypeName="Microsoft.VisualStudio.TestTools.TestTypes.Unit.UnitTestAdapter, Microsoft.VisualStudio.QualityTools.Tips.UnitTest.Adapter, Version=9.0.0.0, Culture=neutral, PublicKeyToken=b03f5f7f11d50a3a" className="TestEStoreProject.myChiTietDongLaptopBUSTest, TestEStoreProject" name="KiemTraSanPhamTonTaiTest" />
    </UnitTest>
  </TestDefinitions>
  <TestLists>
    <TestList name="Results Not in a List" id="8c84fa94-04c1-424b-9868-57a2d4851a1d" />
    <TestList name="All Loaded Results" id="19431567-8539-422a-85d7-44ee4e166bda" />
  </TestLists>
  <TestEntries>
    <TestEntry testId="3543e553-ce6d-3ccf-1d8a-6843a2fe04dc" executionId="434688a7-8b71-43a8-9826-450fdb4150b1" testListId="8c84fa94-04c1-424b-9868-57a2d4851a1d" />
  </TestEntries>
  <Results>
    <UnitTestResult executionId="434688a7-8b71-43a8-9826-450fdb4150b1" testId="3543e553-ce6d-3ccf-1d8a-6843a2fe04dc" testName="KiemTraSanPhamTonTaiTest" computerName="ITFRIEND" duration="00:00:00.8536425" startTime="2011-05-14T09:17:27.7343750+07:00" endTime="2011-05-14T09:17:28.6718750+07:00" testType="13cdc9d9-ddb5-4fa4-a97d-d965ccfc6d4b" outcome="Passed" testListId="8c84fa94-04c1-424b-9868-57a2d4851a1d">
      <Output>
      </Output>
    </UnitTestResult>
  </Results>
</TestRun>