<?xml version="1.0" encoding="UTF-8"?>
<TestRun id="101cbc8e-477a-4e24-9b58-201b0fd68955" name="Admin@ITFRIEND 2011-05-14 09:59:47" runUser="ITFRIEND\Admin" xmlns="http://microsoft.com/schemas/VisualStudio/TeamTest/2006">
  <TestRunConfiguration name="Local Test Run" id="145f357c-e59c-40a1-b30a-a52e614f9885">
    <Description>This is a default test run configuration for a local test run.</Description>
    <Deployment userDeploymentRoot="D:\Learning\CNTT\SoftwareConstruction\SVN_New\Code\TUVANLAPTOP\TestResults" useDefaultDeploymentRoot="false" runDeploymentRoot="D:\Learning\CNTT\SoftwareConstruction\SVN_New\Code\TUVANLAPTOP\TestResults\Admin_ITFRIEND 2011-05-14 09_59_47">
      <DeploymentItem filename="D:\Learning\CNTT\SoftwareConstruction\SVN_New\Code\TUVANLAPTOP\EStoreDAO\bin\Release\EStoreDAO.dll" />
      <DeploymentItem filename="D:\Learning\CNTT\SoftwareConstruction\SVN_New\Code\TUVANLAPTOP\EStoreBUS\bin\Release\EStoreBUS.dll" />
      <DeploymentItem filename="D:\Learning\CNTT\SoftwareConstruction\SVN_New\Code\TUVANLAPTOP\EStoreDTO\bin\Release\EStoreDTO.dll" />
    </Deployment>
    <TestTypeSpecific />
  </TestRunConfiguration>
  <ResultSummary outcome="Failed">
    <Counters total="1" executed="1" error="0" failed="1" timeout="0" aborted="0" inconclusive="0" passedButRunAborted="0" notRunnable="0" notExecuted="0" disconnected="0" warning="0" passed="0" completed="0" inProgress="0" pending="0" />
  </ResultSummary>
  <Times creation="2011-05-14T09:59:47.5156250+07:00" queuing="2011-05-14T09:59:48.9843750+07:00" start="2011-05-14T09:59:49.2812500+07:00" finish="2011-05-14T10:00:14.5156250+07:00" />
  <TestDefinitions>
    <UnitTest name="LayChiTietDongLaptopMoiNhatTest" storage="d:\learning\cntt\softwareconstruction\svn_new\code\tuvanlaptop\testestoreproject\bin\release\testestoreproject.dll" id="f460895f-5cd9-6685-f592-4f0c8290d7ee">
      <Css projectStructure="" iteration="" />
      <Owners>
        <Owner name="" />
      </Owners>
      <Execution id="710f0437-0c2f-4d7a-8f39-bb41e2b4c72b" />
      <TestMethod codeBase="D:\Learning\CNTT\SoftwareConstruction\SVN_New\Code\TUVANLAPTOP\TestEStoreProject\bin\Release\TestEStoreProject.dll" adapterTypeName="Microsoft.VisualStudio.TestTools.TestTypes.Unit.UnitTestAdapter, Microsoft.VisualStudio.QualityTools.Tips.UnitTest.Adapter, Version=9.0.0.0, Culture=neutral, PublicKeyToken=b03f5f7f11d50a3a" className="TestEStoreProject.myChiTietDongLaptopDAOTest, TestEStoreProject" name="LayChiTietDongLaptopMoiNhatTest" />
    </UnitTest>
  </TestDefinitions>
  <TestLists>
    <TestList name="Results Not in a List" id="8c84fa94-04c1-424b-9868-57a2d4851a1d" />
    <TestList name="All Loaded Results" id="19431567-8539-422a-85d7-44ee4e166bda" />
  </TestLists>
  <TestEntries>
    <TestEntry testId="f460895f-5cd9-6685-f592-4f0c8290d7ee" executionId="710f0437-0c2f-4d7a-8f39-bb41e2b4c72b" testListId="8c84fa94-04c1-424b-9868-57a2d4851a1d" />
  </TestEntries>
  <Results>
    <UnitTestResult executionId="710f0437-0c2f-4d7a-8f39-bb41e2b4c72b" testId="f460895f-5cd9-6685-f592-4f0c8290d7ee" testName="LayChiTietDongLaptopMoiNhatTest" computerName="ITFRIEND" duration="00:00:23.1455140" startTime="2011-05-14T09:59:49.4375000+07:00" endTime="2011-05-14T10:00:12.9062500+07:00" testType="13cdc9d9-ddb5-4fa4-a97d-d965ccfc6d4b" outcome="Failed" testListId="8c84fa94-04c1-424b-9868-57a2d4851a1d">
      <Output>
        <ErrorInfo>
          <Message>Assert.AreEqual failed. Expected:&lt;EStoreDTO.myChiTietDongLaptopDTO&gt;. Actual:&lt;EStoreDTO.myChiTietDongLaptopDTO&gt;. </Message>
          <StackTrace>   at TestEStoreProject.myChiTietDongLaptopDAOTest.LayChiTietDongLaptopMoiNhatTest() in D:\Learning\CNTT\SoftwareConstruction\SVN_New\Code\TUVANLAPTOP\TestEStoreProject\myChiTietDongLaptopDAOTest.cs:line 86
</StackTrace>
        </ErrorInfo>
      </Output>
    </UnitTestResult>
  </Results>
</TestRun>