<?xml version="1.0" encoding="utf-8" standalone="no"?>
<!--This file represents the results of running a test suite-->
<test-results name="E:\Film\MyStore\My Laptop Store\EStoreDAO\bin\Debug\EStoreDAO.dll" total="1" errors="0" failures="0" not-run="0" inconclusive="0" ignored="0" skipped="0" invalid="0" date="2011-03-25" time="12:02:26">
  <environment nunit-version="2.5.9.10348" clr-version="2.0.50727.4952" os-version="Microsoft Windows NT 6.1.7600.0" platform="Win32NT" cwd="C:\Program Files\NUnit 2.5.9\bin\net-2.0" machine-name="ALIN-PC" user="ALIN" user-domain="ALIN-PC" />
  <culture-info current-culture="vi-VN" current-uiculture="en-US" />
  <test-suite type="Assembly" name="E:\Film\MyStore\My Laptop Store\EStoreDAO\bin\Debug\EStoreDAO.dll" executed="True" result="Success" success="True" time="2.192" asserts="0">
    <results>
      <test-suite type="Namespace" name="EStoreDAO" executed="True" result="Success" success="True" time="2.182" asserts="0">
        <results>
          <test-suite type="TestFixture" name="TestmyKhachHangDAO" executed="True" result="Success" success="True" time="2.178" asserts="0">
            <results>
              <test-case name="EStoreDAO.TestmyKhachHangDAO.ThemKhachHangTest" executed="True" result="Success" success="True" time="2.169" asserts="1" />
            </results>
          </test-suite>
        </results>
      </test-suite>
    </results>
  </test-suite>
</test-results>