<?xml version="1.0" encoding="utf-8" standalone="no"?>
<!--This file represents the results of running a test suite-->
<test-results name="D:\Xay Dung Phan Mem\Project Nhom\XayDungPhanMem\Code\TUVANLAPTOP\TUVANLAPTOP\bin\Release\TUVANLAPTOP.exe" total="0" errors="0" failures="0" not-run="0" inconclusive="0" ignored="0" skipped="0" invalid="0" date="2011-05-20" time="00:13:28">
  <environment nunit-version="2.5.10.11092" clr-version="2.0.50727.4959" os-version="Microsoft Windows NT 6.1.7600.0" platform="Win32NT" cwd="D:\Xay Dung Phan Mem\Project Nhom\XayDungPhanMem\Code\TUVANLAPTOP\TUVANLAPTOP\bin\Release" machine-name="NGUYENHOANGTAM" user="Nguyen Hoang Tam" user-domain="NguyenHoangTam" />
  <culture-info current-culture="en-US" current-uiculture="en-US" />
  <test-suite type="Assembly" name="D:\Xay Dung Phan Mem\Project Nhom\XayDungPhanMem\Code\TUVANLAPTOP\TUVANLAPTOP\bin\Release\TUVANLAPTOP.exe" executed="True" result="Inconclusive" success="False" time="0.007" asserts="0" />
</test-results>