<?xml version="1.0" encoding="utf-8" standalone="no"?>
<!--This file represents the results of running a test suite-->
<<<<<<< .mine
<test-results name="D:\Xay Dung Phan Mem\Project Nhom\XayDungPhanMem\Code\TUVANLAPTOP\EStoreTestTUVANLAPTOP\bin\Release\EStoreTestTUVANLAPTOP.dll" total="1" errors="0" failures="0" not-run="0" inconclusive="0" ignored="0" skipped="0" invalid="0" date="2011-05-20" time="00:47:57">
  <environment nunit-version="2.5.10.11092" clr-version="2.0.50727.4959" os-version="Microsoft Windows NT 6.1.7600.0" platform="Win32NT" cwd="D:\Xay Dung Phan Mem\Project Nhom\XayDungPhanMem\Code\TUVANLAPTOP\EStoreTestTUVANLAPTOP\bin\Release" machine-name="NGUYENHOANGTAM" user="Nguyen Hoang Tam" user-domain="NguyenHoangTam" />
=======
<test-results name="E:\Studying\Projects\TUVANLAPTOP\EStoreTestTUVANLAPTOP\bin\Release\EStoreTestTUVANLAPTOP.dll" total="2" errors="0" failures="0" not-run="0" inconclusive="0" ignored="0" skipped="0" invalid="0" date="2011-05-19" time="20:28:48">
  <environment nunit-version="2.5.9.10348" clr-version="2.0.50727.3053" os-version="Microsoft Windows NT 5.1.2600 Service Pack 3" platform="Win32NT" cwd="E:\Studying\Projects\TUVANLAPTOP\EStoreTestTUVANLAPTOP\bin\Release" machine-name="THIETQN" user="WSThiet" user-domain="THIETQN" />
>>>>>>> .r349
  <culture-info current-culture="en-US" current-uiculture="en-US" />
<<<<<<< .mine
  <test-suite type="Assembly" name="D:\Xay Dung Phan Mem\Project Nhom\XayDungPhanMem\Code\TUVANLAPTOP\EStoreTestTUVANLAPTOP\bin\Release\EStoreTestTUVANLAPTOP.dll" executed="True" result="Success" success="True" time="0.781" asserts="0">
=======
  <test-suite type="Assembly" name="E:\Studying\Projects\TUVANLAPTOP\EStoreTestTUVANLAPTOP\bin\Release\EStoreTestTUVANLAPTOP.dll" executed="True" result="Success" success="True" time="0.750" asserts="0">
>>>>>>> .r349
    <results>
<<<<<<< .mine
      <test-suite type="Namespace" name="EStoreTestTUVANLAPTOP" executed="True" result="Success" success="True" time="0.781" asserts="0">
=======
      <test-suite type="Namespace" name="EStoreTestTUVANLAPTOP" executed="True" result="Success" success="True" time="0.750" asserts="0">
>>>>>>> .r349
        <results>
<<<<<<< .mine
          <test-suite type="TestFixture" name="myTestCAPNHATXOASANPHAM" executed="True" result="Success" success="True" time="0.781" asserts="0">
=======
          <test-suite type="TestFixture" name="myTestUCSanPham" executed="True" result="Success" success="True" time="0.750" asserts="0">
>>>>>>> .r349
            <results>
<<<<<<< .mine
              <test-case name="EStoreTestTUVANLAPTOP.myTestCAPNHATXOASANPHAM.ResetDataGridView_Test" executed="True" result="Success" success="True" time="0.771" asserts="1" />
=======
              <test-case name="EStoreTestTUVANLAPTOP.myTestUCSanPham.TestCheckExistImagePath" executed="True" result="Success" success="True" time="0.703" asserts="1" />
              <test-case name="EStoreTestTUVANLAPTOP.myTestUCSanPham.TestReduceString" executed="True" result="Success" success="True" time="0.000" asserts="1" />
>>>>>>> .r349
            </results>
          </test-suite>
        </results>
      </test-suite>
    </results>
  </test-suite>
</test-results>