<?xml version="1.0" encoding="utf-8" standalone="no"?>
<!--This file represents the results of running a test suite-->
<test-results name="D:\Study\Xay dung PM\trunk\Code\TUVANLAPTOP\EStoreTestTUVANLAPTOP\bin\Release\EStoreTestTUVANLAPTOP.dll" total="19" errors="0" failures="0" not-run="0" inconclusive="0" ignored="0" skipped="0" invalid="0" date="2011-05-19" time="13:57:39">
  <environment nunit-version="2.5.10.11092" clr-version="2.0.50727.5444" os-version="Microsoft Windows NT 6.1.7601 Service Pack 1" platform="Win32NT" cwd="C:\Users\Trung Luan\Desktop\NUnit-2.5.10.11092\bin\net-2.0" machine-name="N43JF-VX041" user="Trung Luan" user-domain="N43JF-VX041" />
  <culture-info current-culture="en-US" current-uiculture="en-US" />
  <test-suite type="Assembly" name="D:\Study\Xay dung PM\trunk\Code\TUVANLAPTOP\EStoreTestTUVANLAPTOP\bin\Release\EStoreTestTUVANLAPTOP.dll" executed="True" result="Success" success="True" time="10.124" asserts="0">
    <results>
      <test-suite type="Namespace" name="EStoreTestTUVANLAPTOP" executed="True" result="Success" success="True" time="10.109" asserts="0">
        <results>
          <test-suite type="TestFixture" name="myTestTHEMSANPHAM" executed="True" result="Success" success="True" time="10.109" asserts="0">
            <results>
              <test-case name="EStoreTestTUVANLAPTOP.myTestTHEMSANPHAM.LayThongTinLaptopMoi_Test" executed="True" result="Success" success="True" time="7.160" asserts="2" />
              <test-case name="EStoreTestTUVANLAPTOP.myTestTHEMSANPHAM.LoadCardMang_Test" executed="True" result="Success" success="True" time="0.016" asserts="1" />
              <test-case name="EStoreTestTUVANLAPTOP.myTestTHEMSANPHAM.LoadCardManHinh_Test" executed="True" result="Success" success="True" time="0.031" asserts="1" />
              <test-case name="EStoreTestTUVANLAPTOP.myTestTHEMSANPHAM.LoadCardReader_Test" executed="True" result="Success" success="True" time="0.016" asserts="1" />
              <test-case name="EStoreTestTUVANLAPTOP.myTestTHEMSANPHAM.LoadCongHDMI_Test" executed="True" result="Success" success="True" time="0.000" asserts="1" />
              <test-case name="EStoreTestTUVANLAPTOP.myTestTHEMSANPHAM.LoadCPU_Test" executed="True" result="Success" success="True" time="0.031" asserts="1" />
              <test-case name="EStoreTestTUVANLAPTOP.myTestTHEMSANPHAM.LoadDongLoa_Test" executed="True" result="Success" success="True" time="0.016" asserts="1" />
              <test-case name="EStoreTestTUVANLAPTOP.myTestTHEMSANPHAM.LoadHeDieuHanh_Test" executed="True" result="Success" success="True" time="0.016" asserts="1" />
              <test-case name="EStoreTestTUVANLAPTOP.myTestTHEMSANPHAM.LoadKhaNangNhanDangVanTay_Test" executed="True" result="Success" success="True" time="0.000" asserts="1" />
              <test-case name="EStoreTestTUVANLAPTOP.myTestTHEMSANPHAM.LoadManHinh_Test" executed="True" result="Success" success="True" time="0.031" asserts="1" />
              <test-case name="EStoreTestTUVANLAPTOP.myTestTHEMSANPHAM.LoadNhaSX_Test" executed="True" result="Success" success="True" time="0.000" asserts="1" />
              <test-case name="EStoreTestTUVANLAPTOP.myTestTHEMSANPHAM.LoadOCung_Test" executed="True" result="Success" success="True" time="0.031" asserts="1" />
              <test-case name="EStoreTestTUVANLAPTOP.myTestTHEMSANPHAM.LoadODiaQuang_Test" executed="True" result="Success" success="True" time="0.031" asserts="1" />
              <test-case name="EStoreTestTUVANLAPTOP.myTestTHEMSANPHAM.LoadPin_Test" executed="True" result="Success" success="True" time="0.031" asserts="1" />
              <test-case name="EStoreTestTUVANLAPTOP.myTestTHEMSANPHAM.LoadRAM_Test" executed="True" result="Success" success="True" time="0.016" asserts="1" />
              <test-case name="EStoreTestTUVANLAPTOP.myTestTHEMSANPHAM.LoadSoCongUSB_Test" executed="True" result="Success" success="True" time="0.000" asserts="1" />
              <test-case name="EStoreTestTUVANLAPTOP.myTestTHEMSANPHAM.LoadTenVaMauSac_Test" executed="True" result="Success" success="True" time="1.435" asserts="1" />
              <test-case name="EStoreTestTUVANLAPTOP.myTestTHEMSANPHAM.LoadTrongLuong_Test" executed="True" result="Success" success="True" time="0.016" asserts="1" />
              <test-case name="EStoreTestTUVANLAPTOP.myTestTHEMSANPHAM.LoadWebcam_Test" executed="True" result="Success" success="True" time="0.016" asserts="1" />
            </results>
          </test-suite>
        </results>
      </test-suite>
    </results>
  </test-suite>
</test-results>