<?xml version="1.0" encoding="utf-8" standalone="no"?>
<!--This file represents the results of running a test suite-->
<test-results name="C:\Users\AnhTuan\Desktop\xdpmNew25-4\Code\TUVANLAPTOP\EStoreTest\bin\Release\EStoreTest.dll" total="2" errors="0" failures="0" not-run="0" inconclusive="0" ignored="0" skipped="0" invalid="0" date="2011-05-14" time="01:42:35">
  <environment nunit-version="2.5.10.11092" clr-version="2.0.50727.4927" os-version="Microsoft Windows NT 6.1.7600.0" platform="Win32NT" cwd="C:\Users\AnhTuan\AppData\Local\Temp\Rar$EX00.658\NUnit-2.5.10.11092\bin\net-2.0" machine-name="ANHTUAN-PC" user="AnhTuan" user-domain="AnhTuan-PC" />
  <culture-info current-culture="en-US" current-uiculture="en-US" />
  <test-suite type="Assembly" name="C:\Users\AnhTuan\Desktop\xdpmNew25-4\Code\TUVANLAPTOP\EStoreTest\bin\Release\EStoreTest.dll" executed="True" result="Success" success="True" time="2.936" asserts="0">
    <results>
      <test-suite type="Namespace" name="EStoreTest" executed="True" result="Success" success="True" time="2.931" asserts="0">
        <results>
          <test-suite type="TestFixture" name="myChiTietDongLaptopDAOTest" executed="True" result="Success" success="True" time="2.930" asserts="0">
            <results>
              <test-case name="EStoreTest.myChiTietDongLaptopDAOTest.CapNhatXoaChiTietDongLaptop_Test" executed="True" result="Success" success="True" time="2.809" asserts="4" />
              <test-case name="EStoreTest.myChiTietDongLaptopDAOTest.ThemMoiChiTietDongLaptopTest" executed="True" result="Success" success="True" time="0.111" asserts="1" />
            </results>
          </test-suite>
        </results>
      </test-suite>
    </results>
  </test-suite>
</test-results>