<?xml version="1.0" encoding="UTF-8"?>
<TestRun id="380e7e62-89e0-417a-a310-81a02612ed02" name="Admin@ITFRIEND 2011-05-14 10:00:49" runUser="ITFRIEND\Admin" xmlns="http://microsoft.com/schemas/VisualStudio/TeamTest/2006">
  <TestRunConfiguration name="Local Test Run" id="145f357c-e59c-40a1-b30a-a52e614f9885">
    <Description>This is a default test run configuration for a local test run.</Description>
    <Deployment runDeploymentRoot="D:\Learning\CNTT\SoftwareConstruction\SVN_New\Code\TUVANLAPTOP\TestResults\Admin_ITFRIEND 2011-05-14 10_00_49">
      <DeploymentItem filename="D:\Learning\CNTT\SoftwareConstruction\SVN_New\Code\TUVANLAPTOP\EStoreDAO\bin\Release\EStoreDAO.dll" />
      <DeploymentItem filename="D:\Learning\CNTT\SoftwareConstruction\SVN_New\Code\TUVANLAPTOP\EStoreBUS\bin\Release\EStoreBUS.dll" />
      <DeploymentItem filename="D:\Learning\CNTT\SoftwareConstruction\SVN_New\Code\TUVANLAPTOP\EStoreDTO\bin\Release\EStoreDTO.dll" />
    </Deployment>
    <TestTypeSpecific />
  </TestRunConfiguration>
  <ResultSummary outcome="Completed">
    <Counters total="1" executed="1" passed="1" error="0" failed="0" timeout="0" aborted="0" inconclusive="0" passedButRunAborted="0" notRunnable="0" notExecuted="0" disconnected="0" warning="0" completed="0" inProgress="0" pending="0" />
  </ResultSummary>
  <Times creation="2011-05-14T10:00:49.7031250+07:00" queuing="2011-05-14T10:00:50.2343750+07:00" start="2011-05-14T10:00:50.4687500+07:00" finish="2011-05-14T10:00:54.5312500+07:00" />
  <TestDefinitions>
    <UnitTest name="LayChiTietDongLaptopMoiNhatTest" storage="d:\learning\cntt\softwareconstruction\svn_new\code\tuvanlaptop\testestoreproject\bin\release\testestoreproject.dll" id="f460895f-5cd9-6685-f592-4f0c8290d7ee">
      <Css projectStructure="" iteration="" />
      <Owners>
        <Owner name="" />
      </Owners>
      <Execution id="e6b5d28f-074b-4c10-a6f2-cd950e3c9a08" />
      <TestMethod codeBase="D:\Learning\CNTT\SoftwareConstruction\SVN_New\Code\TUVANLAPTOP\TestEStoreProject\bin\Release\TestEStoreProject.dll" adapterTypeName="Microsoft.VisualStudio.TestTools.TestTypes.Unit.UnitTestAdapter, Microsoft.VisualStudio.QualityTools.Tips.UnitTest.Adapter, Version=9.0.0.0, Culture=neutral, PublicKeyToken=b03f5f7f11d50a3a" className="TestEStoreProject.myChiTietDongLaptopDAOTest, TestEStoreProject" name="LayChiTietDongLaptopMoiNhatTest" />
    </UnitTest>
  </TestDefinitions>
  <TestLists>
    <TestList name="Results Not in a List" id="8c84fa94-04c1-424b-9868-57a2d4851a1d" />
    <TestList name="All Loaded Results" id="19431567-8539-422a-85d7-44ee4e166bda" />
  </TestLists>
  <TestEntries>
    <TestEntry testId="f460895f-5cd9-6685-f592-4f0c8290d7ee" executionId="e6b5d28f-074b-4c10-a6f2-cd950e3c9a08" testListId="8c84fa94-04c1-424b-9868-57a2d4851a1d" />
  </TestEntries>
  <Results>
    <UnitTestResult executionId="e6b5d28f-074b-4c10-a6f2-cd950e3c9a08" testId="f460895f-5cd9-6685-f592-4f0c8290d7ee" testName="LayChiTietDongLaptopMoiNhatTest" computerName="ITFRIEND" duration="00:00:02.2123750" startTime="2011-05-14T10:00:50.5312500+07:00" endTime="2011-05-14T10:00:52.9687500+07:00" testType="13cdc9d9-ddb5-4fa4-a97d-d965ccfc6d4b" outcome="Passed" testListId="8c84fa94-04c1-424b-9868-57a2d4851a1d">
      <Output>
      </Output>
    </UnitTestResult>
  </Results>
</TestRun>